# JRE version: Java(TM) SE Runtime Environment (8.0_131-b11) (build 1.8.0_131-b11)
# Java VM: Java HotSpot(TM) 64-Bit Server VM (25.131-b11 mixed mode windows-amd64 compressed oops)
Heap:
 PSYoungGen      total 137216K, used 25007K [0x00000000d6900000, 0x00000000df700000, 0x0000000100000000)
  eden space 130560K, 15% used [0x00000000d6900000,0x00000000d7c20488,0x00000000de880000)
  from space 6656K, 81% used [0x00000000def80000,0x00000000df4cb8a0,0x00000000df600000)
  to   space 7168K, 0% used [0x00000000de880000,0x00000000de880000,0x00000000def80000)
 ParOldGen       total 86016K, used 1549K [0x0000000083a00000, 0x0000000088e00000, 0x00000000d6900000)
  object space 86016K, 1% used [0x0000000083a00000,0x0000000083b837a0,0x0000000088e00000)
 Metaspace       used 16065K, capacity 16360K, committed 16512K, reserved 1064960K
  class space    used 1769K, capacity 1856K, committed 1920K, reserved 1048576K
GC Heap History (10 events):
Event: 1.074 GC heap before
{Heap before GC invocations=2 (full 0):
 PSYoungGen      total 37888K, used 37056K [0x00000000d6900000, 0x00000000d9300000, 0x0000000100000000)
  eden space 32768K, 100% used [0x00000000d6900000,0x00000000d8900000,0x00000000d8900000)
  from space 5120K, 83% used [0x00000000d8900000,0x00000000d8d30090,0x00000000d8e00000)
  to   space 5120K, 0% used [0x00000000d8e00000,0x00000000d8e00000,0x00000000d9300000)
 ParOldGen       total 86016K, used 80K [0x0000000083a00000, 0x0000000088e00000, 0x00000000d6900000)
  object space 86016K, 0% used [0x0000000083a00000,0x0000000083a14010,0x0000000088e00000)
 Metaspace       used 12173K, capacity 12390K, committed 12544K, reserved 1060864K
  class space    used 1408K, capacity 1469K, committed 1536K, reserved 1048576K
Event: 1.079 GC heap after
Heap after GC invocations=2 (full 0):
 PSYoungGen      total 37888K, used 3144K [0x00000000d6900000, 0x00000000db300000, 0x0000000100000000)
  eden space 32768K, 0% used [0x00000000d6900000,0x00000000d6900000,0x00000000d8900000)
  from space 5120K, 61% used [0x00000000d8e00000,0x00000000d9112318,0x00000000d9300000)
  to   space 5120K, 0% used [0x00000000d8900000,0x00000000d8900000,0x00000000d8e00000)
 ParOldGen       total 86016K, used 88K [0x0000000083a00000, 0x0000000088e00000, 0x00000000d6900000)
  object space 86016K, 0% used [0x0000000083a00000,0x0000000083a16010,0x0000000088e00000)
 Metaspace       used 12173K, capacity 12390K, committed 12544K, reserved 1060864K
  class space    used 1408K, capacity 1469K, committed 1536K, reserved 1048576K
}
Event: 1.191 GC heap before
{Heap before GC invocations=3 (full 0):
 PSYoungGen      total 37888K, used 35912K [0x00000000d6900000, 0x00000000db300000, 0x0000000100000000)
  eden space 32768K, 100% used [0x00000000d6900000,0x00000000d8900000,0x00000000d8900000)
  from space 5120K, 61% used [0x00000000d8e00000,0x00000000d9112318,0x00000000d9300000)
  to   space 5120K, 0% used [0x00000000d8900000,0x00000000d8900000,0x00000000d8e00000)
 ParOldGen       total 86016K, used 88K [0x0000000083a00000, 0x0000000088e00000, 0x00000000d6900000)
  object space 86016K, 0% used [0x0000000083a00000,0x0000000083a16010,0x0000000088e00000)
 Metaspace       used 12334K, capacity 12634K, committed 12800K, reserved 1060864K
  class space    used 1415K, capacity 1503K, committed 1536K, reserved 1048576K
Event: 1.196 GC heap after
Heap after GC invocations=3 (full 0):
 PSYoungGen      total 37888K, used 2952K [0x00000000d6900000, 0x00000000db300000, 0x0000000100000000)
  eden space 32768K, 0% used [0x00000000d6900000,0x00000000d6900000,0x00000000d8900000)
  from space 5120K, 57% used [0x00000000d8900000,0x00000000d8be2070,0x00000000d8e00000)
  to   space 5120K, 0% used [0x00000000dae00000,0x00000000dae00000,0x00000000db300000)
 ParOldGen       total 86016K, used 96K [0x0000000083a00000, 0x0000000088e00000, 0x00000000d6900000)
  object space 86016K, 0% used [0x0000000083a00000,0x0000000083a18010,0x0000000088e00000)
 Metaspace       used 12334K, capacity 12634K, committed 12800K, reserved 1060864K
  class space    used 1415K, capacity 1503K, committed 1536K, reserved 1048576K
}
Event: 1.290 GC heap before
{Heap before GC invocations=4 (full 0):
 PSYoungGen      total 37888K, used 35720K [0x00000000d6900000, 0x00000000db300000, 0x0000000100000000)
  eden space 32768K, 100% used [0x00000000d6900000,0x00000000d8900000,0x00000000d8900000)
  from space 5120K, 57% used [0x00000000d8900000,0x00000000d8be2070,0x00000000d8e00000)
  to   space 5120K, 0% used [0x00000000dae00000,0x00000000dae00000,0x00000000db300000)
 ParOldGen       total 86016K, used 96K [0x0000000083a00000, 0x0000000088e00000, 0x00000000d6900000)
  object space 86016K, 0% used [0x0000000083a00000,0x0000000083a18010,0x0000000088e00000)
 Metaspace       used 12539K, capacity 12768K, committed 13056K, reserved 1060864K
  class space    used 1427K, capacity 1504K, committed 1536K, reserved 1048576K
Event: 1.293 GC heap after
Heap after GC invocations=4 (full 0):
 PSYoungGen      total 70656K, used 3080K [0x00000000d6900000, 0x00000000db300000, 0x0000000100000000)
  eden space 65536K, 0% used [0x00000000d6900000,0x00000000d6900000,0x00000000da900000)
  from space 5120K, 60% used [0x00000000dae00000,0x00000000db102020,0x00000000db300000)
  to   space 5120K, 0% used [0x00000000da900000,0x00000000da900000,0x00000000dae00000)
 ParOldGen       total 86016K, used 104K [0x0000000083a00000, 0x0000000088e00000, 0x00000000d6900000)
  object space 86016K, 0% used [0x0000000083a00000,0x0000000083a1a010,0x0000000088e00000)
 Metaspace       used 12539K, capacity 12768K, committed 13056K, reserved 1060864K
  class space    used 1427K, capacity 1504K, committed 1536K, reserved 1048576K
}
Event: 1.612 GC heap before
{Heap before GC invocations=5 (full 0):
 PSYoungGen      total 70656K, used 68616K [0x00000000d6900000, 0x00000000db300000, 0x0000000100000000)
  eden space 65536K, 100% used [0x00000000d6900000,0x00000000da900000,0x00000000da900000)
  from space 5120K, 60% used [0x00000000dae00000,0x00000000db102020,0x00000000db300000)
  to   space 5120K, 0% used [0x00000000da900000,0x00000000da900000,0x00000000dae00000)
 ParOldGen       total 86016K, used 104K [0x0000000083a00000, 0x0000000088e00000, 0x00000000d6900000)
  object space 86016K, 0% used [0x0000000083a00000,0x0000000083a1a010,0x0000000088e00000)
 Metaspace       used 15496K, capacity 15798K, committed 16000K, reserved 1062912K
  class space    used 1737K, capacity 1823K, committed 1920K, reserved 1048576K
Event: 1.620 GC heap after
Heap after GC invocations=5 (full 0):
 PSYoungGen      total 70656K, used 5118K [0x00000000d6900000, 0x00000000df600000, 0x0000000100000000)
  eden space 65536K, 0% used [0x00000000d6900000,0x00000000d6900000,0x00000000da900000)
  from space 5120K, 99% used [0x00000000da900000,0x00000000dadff890,0x00000000dae00000)
  to   space 6656K, 0% used [0x00000000def80000,0x00000000def80000,0x00000000df600000)
 ParOldGen       total 86016K, used 1541K [0x0000000083a00000, 0x0000000088e00000, 0x00000000d6900000)
  object space 86016K, 1% used [0x0000000083a00000,0x0000000083b817a0,0x0000000088e00000)
 Metaspace       used 15496K, capacity 15798K, committed 16000K, reserved 1062912K
  class space    used 1737K, capacity 1823K, committed 1920K, reserved 1048576K
}
Event: 1.795 GC heap before
{Heap before GC invocations=6 (full 0):
 PSYoungGen      total 70656K, used 70654K [0x00000000d6900000, 0x00000000df600000, 0x0000000100000000)
  eden space 65536K, 100% used [0x00000000d6900000,0x00000000da900000,0x00000000da900000)
  from space 5120K, 99% used [0x00000000da900000,0x00000000dadff890,0x00000000dae00000)
  to   space 6656K, 0% used [0x00000000def80000,0x00000000def80000,0x00000000df600000)
 ParOldGen       total 86016K, used 1541K [0x0000000083a00000, 0x0000000088e00000, 0x00000000d6900000)
  object space 86016K, 1% used [0x0000000083a00000,0x0000000083b817a0,0x0000000088e00000)
 Metaspace       used 16012K, capacity 16360K, committed 16512K, reserved 1064960K
  class space    used 1768K, capacity 1856K, committed 1920K, reserved 1048576K
Event: 1.801 GC heap after
Heap after GC invocations=6 (full 0):
 PSYoungGen      total 137216K, used 5422K [0x00000000d6900000, 0x00000000df700000, 0x0000000100000000)
  eden space 130560K, 0% used [0x00000000d6900000,0x00000000d6900000,0x00000000de880000)
  from space 6656K, 81% used [0x00000000def80000,0x00000000df4cb8a0,0x00000000df600000)
  to   space 7168K, 0% used [0x00000000de880000,0x00000000de880000,0x00000000def80000)
 ParOldGen       total 86016K, used 1549K [0x0000000083a00000, 0x0000000088e00000, 0x00000000d6900000)
  object space 86016K, 1% used [0x0000000083a00000,0x0000000083b837a0,0x0000000088e00000)
 Metaspace       used 16012K, capacity 16360K, committed 16512K, reserved 1064960K
  class space    used 1768K, capacity 1856K, committed 1920K, reserved 1048576K
}

